<?xml version="1.0" encoding="UTF-8"?>
<!-- Generated by org.testng.reporters.JUnitReportReporter -->
<testsuite skipped="0" hostname="User-PC" name="com.test.TestDemo" tests="5" failures="0" timestamp="2021-11-22T21:03:22 IST" time="4.340" errors="0">
  <testcase name="test02" time="1.385" classname="com.test.TestDemo"/>
  <system-out/>
  <testcase name="test03" time="1.503" classname="com.test.TestDemo"/>
  <system-out/>
  <testcase name="test06" time="0.635" classname="com.test.TestDemo"/>
  <system-out/>
  <testcase name="test4" time="0.202" classname="com.test.TestDemo"/>
  <system-out/>
  <testcase name="test05" time="0.615" classname="com.test.TestDemo"/>
  <system-out/>
</testsuite> <!-- com.test.TestDemo -->
