<?xml version="1.0" encoding="UTF-8"?>
<!-- Generated by org.testng.reporters.JUnitReportReporter -->
<testsuite skipped="0" hostname="User-PC" name="com.waitEx.WaitEx" tests="1" failures="0" timestamp="2021-09-21T20:06:59 IST" time="17.750" errors="0">
  <testcase name="test01" time="17.750" classname="com.waitEx.WaitEx"/>
  <system-out/>
</testsuite> <!-- com.waitEx.WaitEx -->
